<?xml version="1.0" encoding="UTF-8"?>
<web-app
        xmlns:xsi="http://www.w3.org/2001/XMLSchema-instance"
        version="2.5"
        xmlns="http://java.sun.com/xml/ns/javaee"
        xsi:schemaLocation="http://java.sun.com/xml/ns/javaee http://java.sun.com/xml/ns/javaee/web-app_2_5.xsd">

    <display-name>jamWEB - API</display-name>

    <session-config>
        <session-timeout>30</session-timeout>
    </session-config>

    <security-constraint>
        <web-resource-collection>
            <web-resource-name>Restricted</web-resource-name>
            <url-pattern>/*</url-pattern>
        </web-resource-collection>
        <auth-constraint>
            <role-name>jamuser</role-name>
        </auth-constraint>
        <user-data-constraint>
            <transport-guarantee>NONE</transport-guarantee>
        </user-data-constraint>
    </security-constraint>

    <login-config>
        <auth-method>BASIC</auth-method>
        <realm-name>JamRealm</realm-name>
    </login-config>

    <security-role>
        <role-name>jamuser</role-name>
    </security-role>
</web-app>
